[2018-03-08 17:05:15] production.ERROR: PDOException: SQLSTATE[HY000] [1045] Access denied for user 'forge'@'localhost' (using password: NO) in /mnt/e/storage/updates/architect/2.0.4/architect2/server/vendor/doctrine/dbal/lib/Doctrine/DBAL/Driver/PDOConnection.php:43
Stack trace:
#0 /mnt/e/storage/updates/architect/2.0.4/architect2/server/vendor/doctrine/dbal/lib/Doctrine/DBAL/Driver/PDOConnection.php(43): PDO->__construct('mysql:host=127....', 'forge', '', Array)
#1 /mnt/e/storage/updates/architect/2.0.4/architect2/server/vendor/laravel/framework/src/Illuminate/Database/Connectors/Connector.php(65): Doctrine\DBAL\Driver\PDOConnection->__construct('mysql:host=127....', 'forge', '', Array)
#2 /mnt/e/storage/updates/architect/2.0.4/architect2/server/vendor/laravel/framework/src/Illuminate/Database/Connectors/Connector.php(44): Illuminate\Database\Connectors\Connector->createPdoConnection('mysql:host=127....', 'forge', '', Array)
#3 /mnt/e/storage/updates/architect/2.0.4/architect2/server/vendor/laravel/framework/src/Illuminate/Database/Connectors/MySqlConnector.php(24): Illuminate\Database\Connectors\Connector->createConnection('mysql:host=127....', Array, Array)
#4 /mnt/e/storage/updates/architect/2.0.4/architect2/server/vendor/laravel/framework/src/Illuminate/Database/Connectors/ConnectionFactory.php(183): Illuminate\Database\Connectors\MySqlConnector->connect(Array)
#5 [internal function]: Illuminate\Database\Connectors\ConnectionFactory->Illuminate\Database\Connectors\{closure}()
#6 /mnt/e/storage/updates/architect/2.0.4/architect2/server/vendor/laravel/framework/src/Illuminate/Database/Connection.php(883): call_user_func(Object(Closure))
#7 /mnt/e/storage/updates/architect/2.0.4/architect2/server/vendor/laravel/framework/src/Illuminate/Database/Connection.php(904): Illuminate\Database\Connection->getPdo()
#8 /mnt/e/storage/updates/architect/2.0.4/architect2/server/vendor/laravel/framework/src/Illuminate/Database/Connection.php(392): Illuminate\Database\Connection->getReadPdo()
#9 /mnt/e/storage/updates/architect/2.0.4/architect2/server/vendor/laravel/framework/src/Illuminate/Database/Connection.php(318): Illuminate\Database\Connection->getPdoForSelect(true)
#10 /mnt/e/storage/updates/architect/2.0.4/architect2/server/vendor/laravel/framework/src/Illuminate/Database/Connection.php(640): Illuminate\Database\Connection->Illuminate\Database\{closure}('select * from `...', Array)
#11 /mnt/e/storage/updates/architect/2.0.4/architect2/server/vendor/laravel/framework/src/Illuminate/Database/Connection.php(607): Illuminate\Database\Connection->runQueryCallback('select * from `...', Array, Object(Closure))
#12 /mnt/e/storage/updates/architect/2.0.4/architect2/server/vendor/laravel/framework/src/Illuminate/Database/Connection.php(326): Illuminate\Database\Connection->run('select * from `...', Array, Object(Closure))
#13 /mnt/e/storage/updates/architect/2.0.4/architect2/server/vendor/laravel/framework/src/Illuminate/Database/Query/Builder.php(1705): Illuminate\Database\Connection->select('select * from `...', Array, true)
#14 /mnt/e/storage/updates/architect/2.0.4/architect2/server/vendor/laravel/framework/src/Illuminate/Database/Query/Builder.php(1690): Illuminate\Database\Query\Builder->runSelect()
#15 /mnt/e/storage/updates/architect/2.0.4/architect2/server/vendor/laravel/framework/src/Illuminate/Database/Eloquent/Builder.php(462): Illuminate\Database\Query\Builder->get(Array)
#16 /mnt/e/storage/updates/architect/2.0.4/architect2/server/vendor/laravel/framework/src/Illuminate/Database/Eloquent/Builder.php(446): Illuminate\Database\Eloquent\Builder->getModels(Array)
#17 /mnt/e/storage/updates/architect/2.0.4/architect2/server/vendor/laravel/framework/src/Illuminate/Database/Eloquent/Model.php(347): Illuminate\Database\Eloquent\Builder->get(Array)
#18 /mnt/e/storage/updates/architect/2.0.4/architect2/server/vendor/vebto-server/src/Settings/Settings.php(153): Illuminate\Database\Eloquent\Model::all()
#19 /mnt/e/storage/updates/architect/2.0.4/architect2/server/vendor/laravel/framework/src/Illuminate/Cache/Repository.php(291): Vebto\Settings\Settings->Vebto\Settings\{closure}()
#20 /mnt/e/storage/updates/architect/2.0.4/architect2/server/vendor/laravel/framework/src/Illuminate/Cache/CacheManager.php(305): Illuminate\Cache\Repository->remember('settings.public', 1440, Object(Closure))
#21 /mnt/e/storage/updates/architect/2.0.4/architect2/server/vendor/laravel/framework/src/Illuminate/Support/Facades/Facade.php(221): Illuminate\Cache\CacheManager->__call('remember', Array)
#22 /mnt/e/storage/updates/architect/2.0.4/architect2/server/vendor/vebto-server/src/Settings/Settings.php(157): Illuminate\Support\Facades\Facade::__callStatic('remember', Array)
#23 /mnt/e/storage/updates/architect/2.0.4/architect2/server/vendor/vebto-server/src/Settings/Settings.php(21): Vebto\Settings\Settings->loadSettings()
#24 [internal function]: Vebto\Settings\Settings->__construct()
#25 /mnt/e/storage/updates/architect/2.0.4/architect2/server/vendor/laravel/framework/src/Illuminate/Container/Container.php(762): ReflectionClass->newInstanceArgs(Array)
#26 /mnt/e/storage/updates/architect/2.0.4/architect2/server/vendor/laravel/framework/src/Illuminate/Container/Container.php(608): Illuminate\Container\Container->build('Vebto\\Settings\\...')
#27 /mnt/e/storage/updates/architect/2.0.4/architect2/server/vendor/laravel/framework/src/Illuminate/Container/Container.php(575): Illuminate\Container\Container->resolve('Vebto\\Settings\\...')
#28 /mnt/e/storage/updates/architect/2.0.4/architect2/server/vendor/laravel/framework/src/Illuminate/Foundation/Application.php(728): Illuminate\Container\Container->make('Vebto\\Settings\\...')
#29 /mnt/e/storage/updates/architect/2.0.4/architect2/server/vendor/laravel/framework/src/Illuminate/Support/Facades/Facade.php(221): Illuminate\Foundation\Application->make('Vebto\\Settings\\...')
#30 /mnt/e/storage/updates/architect/2.0.4/architect2/server/routes/web.php(51): Illuminate\Support\Facades\Facade::__callStatic('make', Array)
#31 /mnt/e/storage/updates/architect/2.0.4/architect2/server/vendor/laravel/framework/src/Illuminate/Routing/Router.php(323): Illuminate\Routing\Router->{closure}(Object(Illuminate\Routing\Router))
#32 /mnt/e/storage/updates/architect/2.0.4/architect2/server/vendor/laravel/framework/src/Illuminate/Routing/Router.php(283): Illuminate\Routing\Router->loadRoutes(Object(Closure))
#33 /mnt/e/storage/updates/architect/2.0.4/architect2/server/vendor/laravel/framework/src/Illuminate/Routing/RouteRegistrar.php(104): Illuminate\Routing\Router->group(Array, Object(Closure))
#34 /mnt/e/storage/updates/architect/2.0.4/architect2/server/routes/web.php(54): Illuminate\Routing\RouteRegistrar->group(Object(Closure))
#35 /mnt/e/storage/updates/architect/2.0.4/architect2/server/vendor/laravel/framework/src/Illuminate/Routing/Router.php(327): require('/mnt/e/storage/...')
#36 /mnt/e/storage/updates/architect/2.0.4/architect2/server/vendor/laravel/framework/src/Illuminate/Routing/Router.php(283): Illuminate\Routing\Router->loadRoutes('/mnt/e/storage/...')
#37 /mnt/e/storage/updates/architect/2.0.4/architect2/server/vendor/laravel/framework/src/Illuminate/Routing/RouteRegistrar.php(104): Illuminate\Routing\Router->group(Array, '/mnt/e/storage/...')
#38 /mnt/e/storage/updates/architect/2.0.4/architect2/server/app/Providers/RouteServiceProvider.php(56): Illuminate\Routing\RouteRegistrar->group('/mnt/e/storage/...')
#39 /mnt/e/storage/updates/architect/2.0.4/architect2/server/app/Providers/RouteServiceProvider.php(40): App\Providers\RouteServiceProvider->mapWebRoutes()
#40 [internal function]: App\Providers\RouteServiceProvider->map()
#41 /mnt/e/storage/updates/architect/2.0.4/architect2/server/vendor/laravel/framework/src/Illuminate/Container/BoundMethod.php(29): call_user_func_array(Array, Array)
#42 /mnt/e/storage/updates/architect/2.0.4/architect2/server/vendor/laravel/framework/src/Illuminate/Container/BoundMethod.php(87): Illuminate\Container\BoundMethod::Illuminate\Container\{closure}()
#43 /mnt/e/storage/updates/architect/2.0.4/architect2/server/vendor/laravel/framework/src/Illuminate/Container/BoundMethod.php(31): Illuminate\Container\BoundMethod::callBoundMethod(Object(Illuminate\Foundation\Application), Array, Object(Closure))
#44 /mnt/e/storage/updates/architect/2.0.4/architect2/server/vendor/laravel/framework/src/Illuminate/Container/Container.php(539): Illuminate\Container\BoundMethod::call(Object(Illuminate\Foundation\Application), Array, Array, NULL)
#45 /mnt/e/storage/updates/architect/2.0.4/architect2/server/vendor/laravel/framework/src/Illuminate/Foundation/Support/Providers/RouteServiceProvider.php(74): Illuminate\Container\Container->call(Array)
#46 /mnt/e/storage/updates/architect/2.0.4/architect2/server/vendor/laravel/framework/src/Illuminate/Foundation/Support/Providers/RouteServiceProvider.php(33): Illuminate\Foundation\Support\Providers\RouteServiceProvider->loadRoutes()
#47 /mnt/e/storage/updates/architect/2.0.4/architect2/server/app/Providers/RouteServiceProvider.php(28): Illuminate\Foundation\Support\Providers\RouteServiceProvider->boot()
#48 [internal function]: App\Providers\RouteServiceProvider->boot()
#49 /mnt/e/storage/updates/architect/2.0.4/architect2/server/vendor/laravel/framework/src/Illuminate/Container/BoundMethod.php(29): call_user_func_array(Array, Array)
#50 /mnt/e/storage/updates/architect/2.0.4/architect2/server/vendor/laravel/framework/src/Illuminate/Container/BoundMethod.php(87): Illuminate\Container\BoundMethod::Illuminate\Container\{closure}()
#51 /mnt/e/storage/updates/architect/2.0.4/architect2/server/vendor/laravel/framework/src/Illuminate/Container/BoundMethod.php(31): Illuminate\Container\BoundMethod::callBoundMethod(Object(Illuminate\Foundation\Application), Array, Object(Closure))
#52 /mnt/e/storage/updates/architect/2.0.4/architect2/server/vendor/laravel/framework/src/Illuminate/Container/Container.php(539): Illuminate\Container\BoundMethod::call(Object(Illuminate\Foundation\Application), Array, Array, NULL)
#53 /mnt/e/storage/updates/architect/2.0.4/architect2/server/vendor/laravel/framework/src/Illuminate/Foundation/Application.php(788): Illuminate\Container\Container->call(Array)
#54 /mnt/e/storage/updates/architect/2.0.4/architect2/server/vendor/laravel/framework/src/Illuminate/Foundation/Application.php(771): Illuminate\Foundation\Application->bootProvider(Object(App\Providers\RouteServiceProvider))
#55 [internal function]: Illuminate\Foundation\Application->Illuminate\Foundation\{closure}(Object(App\Providers\RouteServiceProvider), 21)
#56 /mnt/e/storage/updates/architect/2.0.4/architect2/server/vendor/laravel/framework/src/Illuminate/Foundation/Application.php(772): array_walk(Array, Object(Closure))
#57 /mnt/e/storage/updates/architect/2.0.4/architect2/server/vendor/laravel/framework/src/Illuminate/Foundation/Bootstrap/BootProviders.php(17): Illuminate\Foundation\Application->boot()
#58 /mnt/e/storage/updates/architect/2.0.4/architect2/server/vendor/laravel/framework/src/Illuminate/Foundation/Application.php(208): Illuminate\Foundation\Bootstrap\BootProviders->bootstrap(Object(Illuminate\Foundation\Application))
#59 /mnt/e/storage/updates/architect/2.0.4/architect2/server/vendor/laravel/framework/src/Illuminate/Foundation/Console/Kernel.php(267): Illuminate\Foundation\Application->bootstrapWith(Array)
#60 /mnt/e/storage/updates/architect/2.0.4/architect2/server/vendor/laravel/framework/src/Illuminate/Foundation/Console/Kernel.php(114): Illuminate\Foundation\Console\Kernel->bootstrap()
#61 /mnt/e/storage/updates/architect/2.0.4/architect2/server/artisan(35): Illuminate\Foundation\Console\Kernel->handle(Object(Symfony\Component\Console\Input\ArgvInput), Object(Symfony\Component\Console\Output\ConsoleOutput))
#62 {main}

Next Doctrine\DBAL\Driver\PDOException: SQLSTATE[HY000] [1045] Access denied for user 'forge'@'localhost' (using password: NO) in /mnt/e/storage/updates/architect/2.0.4/architect2/server/vendor/doctrine/dbal/lib/Doctrine/DBAL/Driver/PDOConnection.php:47
Stack trace:
#0 /mnt/e/storage/updates/architect/2.0.4/architect2/server/vendor/laravel/framework/src/Illuminate/Database/Connectors/Connector.php(65): Doctrine\DBAL\Driver\PDOConnection->__construct('mysql:host=127....', 'forge', '', Array)
#1 /mnt/e/storage/updates/architect/2.0.4/architect2/server/vendor/laravel/framework/src/Illuminate/Database/Connectors/Connector.php(44): Illuminate\Database\Connectors\Connector->createPdoConnection('mysql:host=127....', 'forge', '', Array)
#2 /mnt/e/storage/updates/architect/2.0.4/architect2/server/vendor/laravel/framework/src/Illuminate/Database/Connectors/MySqlConnector.php(24): Illuminate\Database\Connectors\Connector->createConnection('mysql:host=127....', Array, Array)
#3 /mnt/e/storage/updates/architect/2.0.4/architect2/server/vendor/laravel/framework/src/Illuminate/Database/Connectors/ConnectionFactory.php(183): Illuminate\Database\Connectors\MySqlConnector->connect(Array)
#4 [internal function]: Illuminate\Database\Connectors\ConnectionFactory->Illuminate\Database\Connectors\{closure}()
#5 /mnt/e/storage/updates/architect/2.0.4/architect2/server/vendor/laravel/framework/src/Illuminate/Database/Connection.php(883): call_user_func(Object(Closure))
#6 /mnt/e/storage/updates/architect/2.0.4/architect2/server/vendor/laravel/framework/src/Illuminate/Database/Connection.php(904): Illuminate\Database\Connection->getPdo()
#7 /mnt/e/storage/updates/architect/2.0.4/architect2/server/vendor/laravel/framework/src/Illuminate/Database/Connection.php(392): Illuminate\Database\Connection->getReadPdo()
#8 /mnt/e/storage/updates/architect/2.0.4/architect2/server/vendor/laravel/framework/src/Illuminate/Database/Connection.php(318): Illuminate\Database\Connection->getPdoForSelect(true)
#9 /mnt/e/storage/updates/architect/2.0.4/architect2/server/vendor/laravel/framework/src/Illuminate/Database/Connection.php(640): Illuminate\Database\Connection->Illuminate\Database\{closure}('select * from `...', Array)
#10 /mnt/e/storage/updates/architect/2.0.4/architect2/server/vendor/laravel/framework/src/Illuminate/Database/Connection.php(607): Illuminate\Database\Connection->runQueryCallback('select * from `...', Array, Object(Closure))
#11 /mnt/e/storage/updates/architect/2.0.4/architect2/server/vendor/laravel/framework/src/Illuminate/Database/Connection.php(326): Illuminate\Database\Connection->run('select * from `...', Array, Object(Closure))
#12 /mnt/e/storage/updates/architect/2.0.4/architect2/server/vendor/laravel/framework/src/Illuminate/Database/Query/Builder.php(1705): Illuminate\Database\Connection->select('select * from `...', Array, true)
#13 /mnt/e/storage/updates/architect/2.0.4/architect2/server/vendor/laravel/framework/src/Illuminate/Database/Query/Builder.php(1690): Illuminate\Database\Query\Builder->runSelect()
#14 /mnt/e/storage/updates/architect/2.0.4/architect2/server/vendor/laravel/framework/src/Illuminate/Database/Eloquent/Builder.php(462): Illuminate\Database\Query\Builder->get(Array)
#15 /mnt/e/storage/updates/architect/2.0.4/architect2/server/vendor/laravel/framework/src/Illuminate/Database/Eloquent/Builder.php(446): Illuminate\Database\Eloquent\Builder->getModels(Array)
#16 /mnt/e/storage/updates/architect/2.0.4/architect2/server/vendor/laravel/framework/src/Illuminate/Database/Eloquent/Model.php(347): Illuminate\Database\Eloquent\Builder->get(Array)
#17 /mnt/e/storage/updates/architect/2.0.4/architect2/server/vendor/vebto-server/src/Settings/Settings.php(153): Illuminate\Database\Eloquent\Model::all()
#18 /mnt/e/storage/updates/architect/2.0.4/architect2/server/vendor/laravel/framework/src/Illuminate/Cache/Repository.php(291): Vebto\Settings\Settings->Vebto\Settings\{closure}()
#19 /mnt/e/storage/updates/architect/2.0.4/architect2/server/vendor/laravel/framework/src/Illuminate/Cache/CacheManager.php(305): Illuminate\Cache\Repository->remember('settings.public', 1440, Object(Closure))
#20 /mnt/e/storage/updates/architect/2.0.4/architect2/server/vendor/laravel/framework/src/Illuminate/Support/Facades/Facade.php(221): Illuminate\Cache\CacheManager->__call('remember', Array)
#21 /mnt/e/storage/updates/architect/2.0.4/architect2/server/vendor/vebto-server/src/Settings/Settings.php(157): Illuminate\Support\Facades\Facade::__callStatic('remember', Array)
#22 /mnt/e/storage/updates/architect/2.0.4/architect2/server/vendor/vebto-server/src/Settings/Settings.php(21): Vebto\Settings\Settings->loadSettings()
#23 [internal function]: Vebto\Settings\Settings->__construct()
#24 /mnt/e/storage/updates/architect/2.0.4/architect2/server/vendor/laravel/framework/src/Illuminate/Container/Container.php(762): ReflectionClass->newInstanceArgs(Array)
#25 /mnt/e/storage/updates/architect/2.0.4/architect2/server/vendor/laravel/framework/src/Illuminate/Container/Container.php(608): Illuminate\Container\Container->build('Vebto\\Settings\\...')
#26 /mnt/e/storage/updates/architect/2.0.4/architect2/server/vendor/laravel/framework/src/Illuminate/Container/Container.php(575): Illuminate\Container\Container->resolve('Vebto\\Settings\\...')
#27 /mnt/e/storage/updates/architect/2.0.4/architect2/server/vendor/laravel/framework/src/Illuminate/Foundation/Application.php(728): Illuminate\Container\Container->make('Vebto\\Settings\\...')
#28 /mnt/e/storage/updates/architect/2.0.4/architect2/server/vendor/laravel/framework/src/Illuminate/Support/Facades/Facade.php(221): Illuminate\Foundation\Application->make('Vebto\\Settings\\...')
#29 /mnt/e/storage/updates/architect/2.0.4/architect2/server/routes/web.php(51): Illuminate\Support\Facades\Facade::__callStatic('make', Array)
#30 /mnt/e/storage/updates/architect/2.0.4/architect2/server/vendor/laravel/framework/src/Illuminate/Routing/Router.php(323): Illuminate\Routing\Router->{closure}(Object(Illuminate\Routing\Router))
#31 /mnt/e/storage/updates/architect/2.0.4/architect2/server/vendor/laravel/framework/src/Illuminate/Routing/Router.php(283): Illuminate\Routing\Router->loadRoutes(Object(Closure))
#32 /mnt/e/storage/updates/architect/2.0.4/architect2/server/vendor/laravel/framework/src/Illuminate/Routing/RouteRegistrar.php(104): Illuminate\Routing\Router->group(Array, Object(Closure))
#33 /mnt/e/storage/updates/architect/2.0.4/architect2/server/routes/web.php(54): Illuminate\Routing\RouteRegistrar->group(Object(Closure))
#34 /mnt/e/storage/updates/architect/2.0.4/architect2/server/vendor/laravel/framework/src/Illuminate/Routing/Router.php(327): require('/mnt/e/storage/...')
#35 /mnt/e/storage/updates/architect/2.0.4/architect2/server/vendor/laravel/framework/src/Illuminate/Routing/Router.php(283): Illuminate\Routing\Router->loadRoutes('/mnt/e/storage/...')
#36 /mnt/e/storage/updates/architect/2.0.4/architect2/server/vendor/laravel/framework/src/Illuminate/Routing/RouteRegistrar.php(104): Illuminate\Routing\Router->group(Array, '/mnt/e/storage/...')
#37 /mnt/e/storage/updates/architect/2.0.4/architect2/server/app/Providers/RouteServiceProvider.php(56): Illuminate\Routing\RouteRegistrar->group('/mnt/e/storage/...')
#38 /mnt/e/storage/updates/architect/2.0.4/architect2/server/app/Providers/RouteServiceProvider.php(40): App\Providers\RouteServiceProvider->mapWebRoutes()
#39 [internal function]: App\Providers\RouteServiceProvider->map()
#40 /mnt/e/storage/updates/architect/2.0.4/architect2/server/vendor/laravel/framework/src/Illuminate/Container/BoundMethod.php(29): call_user_func_array(Array, Array)
#41 /mnt/e/storage/updates/architect/2.0.4/architect2/server/vendor/laravel/framework/src/Illuminate/Container/BoundMethod.php(87): Illuminate\Container\BoundMethod::Illuminate\Container\{closure}()
#42 /mnt/e/storage/updates/architect/2.0.4/architect2/server/vendor/laravel/framework/src/Illuminate/Container/BoundMethod.php(31): Illuminate\Container\BoundMethod::callBoundMethod(Object(Illuminate\Foundation\Application), Array, Object(Closure))
#43 /mnt/e/storage/updates/architect/2.0.4/architect2/server/vendor/laravel/framework/src/Illuminate/Container/Container.php(539): Illuminate\Container\BoundMethod::call(Object(Illuminate\Foundation\Application), Array, Array, NULL)
#44 /mnt/e/storage/updates/architect/2.0.4/architect2/server/vendor/laravel/framework/src/Illuminate/Foundation/Support/Providers/RouteServiceProvider.php(74): Illuminate\Container\Container->call(Array)
#45 /mnt/e/storage/updates/architect/2.0.4/architect2/server/vendor/laravel/framework/src/Illuminate/Foundation/Support/Providers/RouteServiceProvider.php(33): Illuminate\Foundation\Support\Providers\RouteServiceProvider->loadRoutes()
#46 /mnt/e/storage/updates/architect/2.0.4/architect2/server/app/Providers/RouteServiceProvider.php(28): Illuminate\Foundation\Support\Providers\RouteServiceProvider->boot()
#47 [internal function]: App\Providers\RouteServiceProvider->boot()
#48 /mnt/e/storage/updates/architect/2.0.4/architect2/server/vendor/laravel/framework/src/Illuminate/Container/BoundMethod.php(29): call_user_func_array(Array, Array)
#49 /mnt/e/storage/updates/architect/2.0.4/architect2/server/vendor/laravel/framework/src/Illuminate/Container/BoundMethod.php(87): Illuminate\Container\BoundMethod::Illuminate\Container\{closure}()
#50 /mnt/e/storage/updates/architect/2.0.4/architect2/server/vendor/laravel/framework/src/Illuminate/Container/BoundMethod.php(31): Illuminate\Container\BoundMethod::callBoundMethod(Object(Illuminate\Foundation\Application), Array, Object(Closure))
#51 /mnt/e/storage/updates/architect/2.0.4/architect2/server/vendor/laravel/framework/src/Illuminate/Container/Container.php(539): Illuminate\Container\BoundMethod::call(Object(Illuminate\Foundation\Application), Array, Array, NULL)
#52 /mnt/e/storage/updates/architect/2.0.4/architect2/server/vendor/laravel/framework/src/Illuminate/Foundation/Application.php(788): Illuminate\Container\Container->call(Array)
#53 /mnt/e/storage/updates/architect/2.0.4/architect2/server/vendor/laravel/framework/src/Illuminate/Foundation/Application.php(771): Illuminate\Foundation\Application->bootProvider(Object(App\Providers\RouteServiceProvider))
#54 [internal function]: Illuminate\Foundation\Application->Illuminate\Foundation\{closure}(Object(App\Providers\RouteServiceProvider), 21)
#55 /mnt/e/storage/updates/architect/2.0.4/architect2/server/vendor/laravel/framework/src/Illuminate/Foundation/Application.php(772): array_walk(Array, Object(Closure))
#56 /mnt/e/storage/updates/architect/2.0.4/architect2/server/vendor/laravel/framework/src/Illuminate/Foundation/Bootstrap/BootProviders.php(17): Illuminate\Foundation\Application->boot()
#57 /mnt/e/storage/updates/architect/2.0.4/architect2/server/vendor/laravel/framework/src/Illuminate/Foundation/Application.php(208): Illuminate\Foundation\Bootstrap\BootProviders->bootstrap(Object(Illuminate\Foundation\Application))
#58 /mnt/e/storage/updates/architect/2.0.4/architect2/server/vendor/laravel/framework/src/Illuminate/Foundation/Console/Kernel.php(267): Illuminate\Foundation\Application->bootstrapWith(Array)
#59 /mnt/e/storage/updates/architect/2.0.4/architect2/server/vendor/laravel/framework/src/Illuminate/Foundation/Console/Kernel.php(114): Illuminate\Foundation\Console\Kernel->bootstrap()
#60 /mnt/e/storage/updates/architect/2.0.4/architect2/server/artisan(35): Illuminate\Foundation\Console\Kernel->handle(Object(Symfony\Component\Console\Input\ArgvInput), Object(Symfony\Component\Console\Output\ConsoleOutput))
#61 {main}  
